{
  "RSpec": {
    "coverage": {
      "/Users/John/git/jbrunton.com/app/helpers/application_helper.rb": [
        1,
        null
      ],
      "/Users/John/git/jbrunton.com/app/helpers/blog_posts_helper.rb": [
        1,
        null
      ],
      "/Users/John/git/jbrunton.com/app/helpers/home_helper.rb": [
        1,
        null
      ],
      "/Users/John/git/jbrunton.com/app/controllers/blog_posts_controller.rb": [
        1,
        1,
        null,
        null,
        null,
        1,
        2,
        null,
        null,
        null,
        null,
        1,
        null,
        null,
        null,
        1,
        1,
        null,
        null,
        null,
        1,
        null,
        null,
        null,
        null,
        1,
        5,
        null,
        5,
        5,
        6,
        3,
        null,
        2,
        null,
        null,
        null,
        null,
        null,
        null,
        1,
        5,
        5,
        4,
        2,
        null,
        3,
        null,
        null,
        null,
        null,
        null,
        null,
        1,
        2,
        2,
        4,
        2,
        null,
        null,
        null,
        1,
        null,
        1,
        9,
        null,
        null,
        null,
        1,
        10,
        null,
        null,
        1,
        10,
        5,
        null,
        null
      ],
      "/Users/John/git/jbrunton.com/app/controllers/application_controller.rb": [
        1,
        null,
        null,
        1,
        null
      ],
      "/Users/John/git/jbrunton.com/app/models/blog_post.rb": [
        1,
        1,
        null
      ]
    },
    "timestamp": 1390055737
  }
}
